A51 MACRO ASSEMBLER  MAIN                                                                 04/16/2019 09:44:03 PAGE     1


MACRO ASSEMBLER A51 V8.2.7.0
OBJECT MODULE PLACED IN .\Objects\main.obj
ASSEMBLER INVOKED BY: C:\Keil_v5\C51\BIN\A51.EXE main.a51 SET(SMALL) DEBUG PRINT(.\Listings\main.lst) OBJECT(.\Objects\m
                      ain.obj) EP

LOC  OBJ            LINE     SOURCE

0000                   1     ORG 0000H ;BAT DAU CT
0000 020003            2             LJMP MAIN
0003                   3             MAIN:
0003 D290              4                     SETB P1.0
0005 110C              5                     CALL DELAY1S
0007 C290              6                     CLR P1.0
0009 758910            7                     MOV TMOD,#10H ;TIMER 1 MOD 1  <=> GATE 0, CT 0,M1 0,M0 1 
000C                   8             DELAY1S:
                       9     
000C 7F14             10                     MOV R7,#20 ; 20 LOOPS
000E                  11             LOOP:   
000E 758BB0           12                     MOV TL1,#0B0H ;
0011 758D3C           13                     MOV TH1,#3CH ;
0014 D28E             14                     SETB TR1 ; START TIMER 1
0016 308FFD           15                     JNB TF1, $ ; WAIT FOR OVERFLOW <=> WAIT: JNB TF1, WAIT
0019 C28F             16                     CLR TF1 ; CLEAR OVERFLOW FLAG
001B C28E             17                     CLR TR1 ; STOP TIMER 1
001D DFEF             18                     DJNZ R7,LOOP
                      19     
001F 22               20             RET
*** WARNING #A41 IN 20 (main.a51, LINE 20): MISSING 'END' STATEMENT
A51 MACRO ASSEMBLER  MAIN                                                                 04/16/2019 09:44:03 PAGE     2

SYMBOL TABLE LISTING
------ ----- -------


N A M E             T Y P E  V A L U E   ATTRIBUTES

DELAY1S. . . . . .  C ADDR   000CH   A   
LOOP . . . . . . .  C ADDR   000EH   A   
MAIN . . . . . . .  C ADDR   0003H   A   
P1 . . . . . . . .  D ADDR   0090H   A   
TF1. . . . . . . .  B ADDR   0088H.7 A   
TH1. . . . . . . .  D ADDR   008DH   A   
TL1. . . . . . . .  D ADDR   008BH   A   
TMOD . . . . . . .  D ADDR   0089H   A   
TR1. . . . . . . .  B ADDR   0088H.6 A   


REGISTER BANK(S) USED: 0 


ASSEMBLY COMPLETE.  1 WARNING(S), 0 ERROR(S)
